<?xml version="1.0" encoding="UTF-8"?>
<!-- Generated by org.testng.reporters.JUnitXMLReporter -->
<testsuite ignored="5" hostname="LAPTOP-O0MCGUAT" failures="1" tests="11" name="Sample Execution" time="6.907" errors="0" timestamp="2021-10-18T11:16:46 PDT">
  <testcase classname="com.apex.customer.test.CustomerTestNG2" name="testGetUserById" time="0.937"/>
  <testcase classname="com.apex.customer.test.CustomerTestNG2" name="testGetUserById" time="0.142"/>
  <testcase classname="com.apex.customer.test.CustomerTestNG2" name="testGetUserById" time="0.458"/>
  <testcase classname="com.apex.customer.test.CustomerTestNG2" name="testPostUser" time="0.442"/>
  <testcase classname="com.apex.customer.test.CustomerTestNG" name="test1GetUserById" time="0.144"/>
  <testcase classname="com.apex.customer.test.CustomerTestNG" name="test1PostUser2" time="0.442"/>
  <testcase classname="com.apex.customer.test.CustomerTestNG" name="testDeleteUserById" time="0.473"/>
  <testcase classname="com.apex.customer.test.CustomerTestNG" name="testGetUserById" time="1.139">
    <failure type="java.lang.AssertionError" message="expected [200] but found [404]">
      <![CDATA[java.lang.AssertionError: expected [200] but found [404]
at com.apex.customer.test.CustomerTestNG.testGetUserById(CustomerTestNG.java:33)
at java.base/java.util.ArrayList.forEach(ArrayList.java:1511)
... Removed 33 stack frames]]>
    </failure>
  </testcase> <!-- testGetUserById -->
  <testcase classname="com.apex.customer.test.CustomerTestNG" name="testPostCreateUser" time="1.483"/>
  <testcase classname="com.apex.customer.test.CustomerTestNG" name="testPostUser" time="0.444"/>
  <testcase classname="com.apex.customer.test.CustomerTestNG" name="testPutUsers2" time="0.442"/>
  <testcase classname="com.apex.customer.test.CustomerTestNG2" name="testDeleteUserById" time="0.0">
    <ignored/>
  </testcase> <!-- testDeleteUserById -->
  <testcase classname="com.apex.customer.test.CustomerTestNG2" name="test1PostUsers" time="0.0">
    <ignored/>
  </testcase> <!-- test1PostUsers -->
  <testcase classname="com.apex.customer.test.CustomerTestNG2" name="testPostCreateUser" time="0.0">
    <ignored/>
  </testcase> <!-- testPostCreateUser -->
  <testcase classname="com.apex.customer.test.CustomerTestNG2" name="testPutUsers2" time="0.0">
    <ignored/>
  </testcase> <!-- testPutUsers2 -->
  <testcase classname="com.apex.customer.test.CustomerTestNG2" name="test1GetUserById" time="0.0">
    <ignored/>
  </testcase> <!-- test1GetUserById -->
</testsuite> <!-- Sample Execution -->
