<?xml version="1.0" encoding="UTF-8"?>
<testng-results ignored="0" total="2" passed="2" failed="0" skipped="0">
  <reporter-output>
  </reporter-output>
  <suite started-at="2022-11-11T04:51:44 PST" name="Default suite" finished-at="2022-11-11T04:51:44 PST" duration-ms="127">
    <groups>
    </groups>
    <test started-at="2022-11-11T04:51:44 PST" name="Default test" finished-at="2022-11-11T04:51:44 PST" duration-ms="127">
      <class name="com.apex.core.test.Accc">
        <test-method signature="login()[pri:0, instance:com.apex.core.test.Accc@4d910fd6]" started-at="2022-11-11T04:51:44 PST" name="login" finished-at="2022-11-11T04:51:44 PST" duration-ms="19" status="PASS">
          <reporter-output>
          </reporter-output>
        </test-method> <!-- login -->
        <test-method signature="homePage()[pri:0, instance:com.apex.core.test.Accc@4d910fd6]" started-at="2022-11-11T04:51:44 PST" name="homePage" finished-at="2022-11-11T04:51:44 PST" depends-on-methods="com.apex.core.test.Accc.login" duration-ms="3" status="PASS">
          <reporter-output>
          </reporter-output>
        </test-method> <!-- homePage -->
      </class> <!-- com.apex.core.test.Accc -->
    </test> <!-- Default test -->
  </suite> <!-- Default suite -->
</testng-results>
